2024-02-03 23:08:47,186 [INFO] Activator:176 - 


2024-02-03 23:08:47,188 [INFO] Activator:177 - !SESSION log4j initialized
2024-02-03 23:08:49,865 [INFO] LogOutputStream:77 - [STDOUT_REDIRECT] 
2024-02-03 23:09:09,849 [INFO] ApplicationProperties:184 - Using Application install path: C:\ST\STM32CubeIDE_1.14.1\STM32CubeIDE\plugins\com.st.stm32cube.common.mx_6.10.0.202311202037
2024-02-03 23:09:09,862 [INFO] DbMcusXml:78 - Set database path to: C:\ST\STM32CubeIDE_1.14.1\STM32CubeIDE\plugins\com.st.stm32cube.common.mx_6.10.0.202311202037\\db\/mcu/
2024-02-03 23:09:09,863 [INFO] ApiDb:274 - Set plugin database path to: C:\ST\STM32CubeIDE_1.14.1\STM32CubeIDE\plugins\com.st.stm32cube.common.mx_6.10.0.202311202037\\db\/plugins/boardmanager/
2024-02-03 23:09:09,863 [WARN] ApiDb:259 - Overriding images path with different value:  => C:\ST\STM32CubeIDE_1.14.1\STM32CubeIDE\plugins\com.st.stm32cube.common.mx_6.10.0.202311202037\\db\/plugins/mcufinder/images/
2024-02-03 23:09:10,745 [INFO] ApiDb:250 - Set database path to: C:\Users\manue\.stmcufinder\plugins\mcufinder//mcu/
2024-02-03 23:09:10,746 [INFO] DbMcusAds:125 - Set database path to: C:\Users\manue\.stmcufinder\plugins\mcufinder//mcu/
2024-02-03 23:09:10,832 [INFO] CrossReferenceDbSqlite:203 - Set database path to: C:\Users\manue\.stmcufinder\plugins\mcufinder//mcu/cs/
2024-02-03 23:09:10,915 [INFO] RulesReader:64 - Compatibility file has been processed (297 Rules)
2024-02-03 23:09:10,976 [INFO] DbMcusXml:78 - Set database path to: C:\ST\STM32CubeIDE_1.14.1\STM32CubeIDE\plugins\com.st.stm32cube.common.mx_6.10.0.202311202037\\db\/mcu/
2024-02-03 23:09:10,976 [INFO] ApiDb:274 - Set plugin database path to: C:\ST\STM32CubeIDE_1.14.1\STM32CubeIDE\plugins\com.st.stm32cube.common.mx_6.10.0.202311202037\\db\/plugins/boardmanager/
2024-02-03 23:09:10,977 [INFO] ApiDb:261 - Set plugin images path to: C:\ST\STM32CubeIDE_1.14.1\STM32CubeIDE\plugins\com.st.stm32cube.common.mx_6.10.0.202311202037\\db\/plugins/mcufinder/images/
2024-02-03 23:09:10,977 [WARN] DbFile:41 - Overriding database path with different value: C:\Users\manue\.stmcufinder\plugins\mcufinder/ => C:\Users\manue\.stmcufinder\plugins\mcufinder
2024-02-03 23:09:10,977 [INFO] ApiDb:250 - Set database path to: C:\Users\manue\.stmcufinder\plugins\mcufinder//mcu/
2024-02-03 23:09:10,977 [WARN] DbFile:41 - Overriding database path with different value: C:\Users\manue\.stmcufinder\plugins\mcufinder/ => C:\Users\manue\.stmcufinder\plugins\mcufinder
2024-02-03 23:09:10,977 [INFO] DbMcusAds:125 - Set database path to: C:\Users\manue\.stmcufinder\plugins\mcufinder//mcu/
2024-02-03 23:09:10,977 [WARN] DbFile:41 - Overriding database path with different value: C:\Users\manue\.stmcufinder\plugins\mcufinder/ => C:\Users\manue\.stmcufinder\plugins\mcufinder
2024-02-03 23:09:10,977 [WARN] DbFile:41 - Overriding database path with different value: C:\Users\manue\.stmcufinder\plugins\mcufinder/ => C:\Users\manue\.stmcufinder\plugins\mcufinder
2024-02-03 23:09:10,977 [INFO] CrossReferenceDbSqlite:203 - Set database path to: C:\Users\manue\.stmcufinder\plugins\mcufinder//mcu/cs/
2024-02-03 23:09:11,030 [INFO] MainPanel:264 - HeapMemory: 268435456
2024-02-03 23:09:11,089 [INFO] DbMcusXml:78 - Set database path to: C:\ST\STM32CubeIDE_1.14.1\STM32CubeIDE\plugins\com.st.stm32cube.common.mx_6.10.0.202311202037\\db\/mcu/
2024-02-03 23:09:11,089 [INFO] ApiDb:274 - Set plugin database path to: C:\ST\STM32CubeIDE_1.14.1\STM32CubeIDE\plugins\com.st.stm32cube.common.mx_6.10.0.202311202037\\db\/plugins/boardmanager/
2024-02-03 23:09:11,089 [INFO] ApiDb:261 - Set plugin images path to: C:\ST\STM32CubeIDE_1.14.1\STM32CubeIDE\plugins\com.st.stm32cube.common.mx_6.10.0.202311202037\\db\/plugins/mcufinder/images/
2024-02-03 23:09:11,090 [WARN] DbFile:41 - Overriding database path with different value: C:\Users\manue\.stmcufinder\plugins\mcufinder/ => C:\Users\manue\.stmcufinder\plugins\mcufinder
2024-02-03 23:09:11,090 [INFO] ApiDb:250 - Set database path to: C:\Users\manue\.stmcufinder\plugins\mcufinder//mcu/
2024-02-03 23:09:11,090 [WARN] DbFile:41 - Overriding database path with different value: C:\Users\manue\.stmcufinder\plugins\mcufinder/ => C:\Users\manue\.stmcufinder\plugins\mcufinder
2024-02-03 23:09:11,090 [INFO] DbMcusAds:125 - Set database path to: C:\Users\manue\.stmcufinder\plugins\mcufinder//mcu/
2024-02-03 23:09:11,090 [WARN] DbFile:41 - Overriding database path with different value: C:\Users\manue\.stmcufinder\plugins\mcufinder/ => C:\Users\manue\.stmcufinder\plugins\mcufinder
2024-02-03 23:09:11,090 [WARN] DbFile:41 - Overriding database path with different value: C:\Users\manue\.stmcufinder\plugins\mcufinder/ => C:\Users\manue\.stmcufinder\plugins\mcufinder
2024-02-03 23:09:11,090 [INFO] CrossReferenceDbSqlite:203 - Set database path to: C:\Users\manue\.stmcufinder\plugins\mcufinder//mcu/cs/
2024-02-03 23:09:11,102 [INFO] ApplicationProperties:184 - Using Application install path: C:\ST\STM32CubeIDE_1.14.1\STM32CubeIDE\plugins\com.st.stm32cube.common.mx_6.10.0.202311202037
2024-02-03 23:09:11,103 [INFO] PluginManage:196 - Search for loadable plugins [exclusion list=, ]
2024-02-03 23:09:11,104 [INFO] PluginManage:310 - Check plugin analytics
2024-02-03 23:09:11,320 [INFO] AnalyticsPlugin:253 - Accepted Software Licenses: 
2024-02-03 23:09:11,320 [INFO] AnalyticsPlugin:255 - Accepted CMSIS Pack Licenses: 
2024-02-03 23:09:11,320 [INFO] AnalyticsPlugin:257 - Accepted Firmware Licenses: 
2024-02-03 23:09:11,322 [INFO] PluginManage:359 - Loaded plugin analytics (category:tool,tabindex:-1)
2024-02-03 23:09:11,323 [INFO] PluginManage:310 - Check plugin cadmodel
2024-02-03 23:09:11,325 [INFO] CADModel:105 - Init CAD model plugin
2024-02-03 23:09:11,325 [INFO] PluginManage:359 - Loaded plugin cadmodel (category:power,tabindex:5)
2024-02-03 23:09:11,325 [INFO] PluginManage:310 - Check plugin clock
2024-02-03 23:09:11,331 [INFO] PluginManage:359 - Loaded plugin clock (category:base,tabindex:2)
2024-02-03 23:09:11,331 [INFO] PluginManage:310 - Check plugin ddr
2024-02-03 23:09:11,333 [INFO] PluginManage:359 - Loaded plugin ddr (category:tool,tabindex:6)
2024-02-03 23:09:11,333 [INFO] PluginManage:310 - Check plugin filemanager
2024-02-03 23:09:11,436 [INFO] PluginManage:359 - Loaded plugin filemanager (category:base,tabindex:10)
2024-02-03 23:09:11,437 [INFO] PluginManage:310 - Check plugin ipmanager
2024-02-03 23:09:11,451 [INFO] PluginManage:359 - Loaded plugin ipmanager (category:base,tabindex:5)
2024-02-03 23:09:11,451 [INFO] PluginManage:310 - Check plugin lpbam
2024-02-03 23:09:11,456 [INFO] PluginManage:359 - Loaded plugin lpbam (category:base,tabindex:0)
2024-02-03 23:09:11,456 [INFO] PluginManage:310 - Check plugin memorymap
2024-02-03 23:09:11,470 [INFO] PluginManage:359 - Loaded plugin memorymap (category:base,tabindex:4)
2024-02-03 23:09:11,470 [INFO] PluginManage:310 - Check plugin pinoutandconfiguration
2024-02-03 23:09:11,476 [INFO] PluginManage:359 - Loaded plugin pinoutandconfiguration (category:base,tabindex:1)
2024-02-03 23:09:11,477 [INFO] PluginManage:310 - Check plugin pinoutconfig
2024-02-03 23:09:11,527 [WARN] SupportedApi:132 - Cannot load RTOS API schema: s4s-elt-must-match.1: The content of 'definitions' must match (annotation?, (simpleType | complexType)?, (unique | key | keyref)*)). A problem was found starting at: attribute.
2024-02-03 23:09:11,611 [INFO] PluginManage:359 - Loaded plugin pinoutconfig (category:base,tabindex:0)
2024-02-03 23:09:11,611 [INFO] PluginManage:310 - Check plugin power
2024-02-03 23:09:11,616 [INFO] PluginManage:359 - Loaded plugin power (category:power,tabindex:4)
2024-02-03 23:09:11,617 [INFO] PluginManage:310 - Check plugin projectmanager
2024-02-03 23:09:11,629 [INFO] PluginManage:359 - Loaded plugin projectmanager (category:projectmanager,tabindex:3)
2024-02-03 23:09:11,629 [INFO] PluginManage:310 - Check plugin thirdparty
2024-02-03 23:09:11,718 [INFO] PluginManage:359 - Loaded plugin thirdparty (category:base,tabindex:-1)
2024-02-03 23:09:11,718 [INFO] PluginManage:310 - Check plugin tools
2024-02-03 23:09:11,718 [WARN] IntegrityCheckThread:84 - waiting for thirdparty lock release [integrity check]
2024-02-03 23:09:11,718 [INFO] IntegrityCheckThread:86 - entering critical section [integrity check]
2024-02-03 23:09:11,719 [INFO] ThirdPartyUpdaterWithRetryManager:70 - Updater plugin not ready yet. [1/15]
2024-02-03 23:09:11,720 [INFO] PluginManage:359 - Loaded plugin tools (category:base,tabindex:7)
2024-02-03 23:09:11,720 [INFO] PluginManage:310 - Check plugin tutovideos
2024-02-03 23:09:11,832 [INFO] PluginManage:359 - Loaded plugin tutovideos (category:base,tabindex:-1)
2024-02-03 23:09:11,832 [INFO] PluginManage:310 - Check plugin updater
2024-02-03 23:09:11,837 [INFO] PluginManage:359 - Loaded plugin updater (category:base,tabindex:12)
2024-02-03 23:09:11,837 [INFO] PluginManage:310 - Check plugin userauth
2024-02-03 23:09:11,839 [INFO] UserAuth:114 - Init User Auth plugin
2024-02-03 23:09:11,839 [INFO] PluginManage:359 - Loaded plugin userauth (category:base,tabindex:14)
2024-02-03 23:09:11,840 [INFO] PluginManage:283 - PluginManage : Loaded plugins [17]
2024-02-03 23:09:11,964 [INFO] PinOutPanel:1499 - setPackage(No Configuration,No Configuration)
2024-02-03 23:09:12,006 [INFO] CADModel:165 - CPN selected for project level
2024-02-03 23:09:12,006 [INFO] CADModel:114 - Register for checkConnection events
2024-02-03 23:09:12,016 [INFO] IPUIPlugin:80 - create IPUIPlugin
2024-02-03 23:09:12,016 [INFO] PluginManager:220 - loadIPPluginJar : add adc
2024-02-03 23:09:12,018 [INFO] IPUIPlugin:80 - create IPUIPlugin
2024-02-03 23:09:12,018 [INFO] PluginManager:220 - loadIPPluginJar : add aes
2024-02-03 23:09:12,019 [INFO] IPUIPlugin:80 - create IPUIPlugin
2024-02-03 23:09:12,019 [INFO] PluginManager:220 - loadIPPluginJar : add can
2024-02-03 23:09:12,020 [INFO] IPUIPlugin:80 - create IPUIPlugin
2024-02-03 23:09:12,020 [INFO] PluginManager:220 - loadIPPluginJar : add comp
2024-02-03 23:09:12,022 [INFO] IPUIPlugin:80 - create IPUIPlugin
2024-02-03 23:09:12,022 [INFO] PluginManager:220 - loadIPPluginJar : add cryp
2024-02-03 23:09:12,023 [INFO] IPUIPlugin:80 - create IPUIPlugin
2024-02-03 23:09:12,023 [INFO] PluginManager:220 - loadIPPluginJar : add dfsdm
2024-02-03 23:09:12,026 [INFO] IPUIPlugin:80 - create IPUIPlugin
2024-02-03 23:09:12,027 [INFO] PluginManager:220 - loadIPPluginJar : add dma
2024-02-03 23:09:12,028 [INFO] IPUIPlugin:80 - create IPUIPlugin
2024-02-03 23:09:12,029 [INFO] PluginManager:220 - loadIPPluginJar : add dma3
2024-02-03 23:09:12,029 [INFO] IPUIPlugin:80 - create IPUIPlugin
2024-02-03 23:09:12,029 [INFO] PluginManager:220 - loadIPPluginJar : add fatfs
2024-02-03 23:09:12,032 [INFO] IPUIPlugin:80 - create IPUIPlugin
2024-02-03 23:09:12,032 [INFO] PluginManager:220 - loadIPPluginJar : add fmc
2024-02-03 23:09:12,035 [INFO] IPUIPlugin:80 - create IPUIPlugin
2024-02-03 23:09:12,035 [INFO] PluginManager:220 - loadIPPluginJar : add freertos
2024-02-03 23:09:12,036 [INFO] IPUIPlugin:80 - create IPUIPlugin
2024-02-03 23:09:12,036 [INFO] PluginManager:220 - loadIPPluginJar : add genericplugin
2024-02-03 23:09:12,037 [INFO] IPUIPlugin:80 - create IPUIPlugin
2024-02-03 23:09:12,037 [INFO] PluginManager:220 - loadIPPluginJar : add gfxmmu
2024-02-03 23:09:12,041 [INFO] IPUIPlugin:80 - create IPUIPlugin
2024-02-03 23:09:12,041 [INFO] PluginManager:220 - loadIPPluginJar : add gic
2024-02-03 23:09:12,043 [INFO] IPUIPlugin:80 - create IPUIPlugin
2024-02-03 23:09:12,044 [INFO] PluginManager:220 - loadIPPluginJar : add gpio
2024-02-03 23:09:12,045 [INFO] IPUIPlugin:80 - create IPUIPlugin
2024-02-03 23:09:12,045 [INFO] PluginManager:220 - loadIPPluginJar : add gtzc
2024-02-03 23:09:12,047 [INFO] IPUIPlugin:80 - create IPUIPlugin
2024-02-03 23:09:12,047 [INFO] PluginManager:220 - loadIPPluginJar : add hash
2024-02-03 23:09:12,048 [INFO] IPUIPlugin:80 - create IPUIPlugin
2024-02-03 23:09:12,048 [INFO] PluginManager:220 - loadIPPluginJar : add i2c
2024-02-03 23:09:12,049 [INFO] IPUIPlugin:80 - create IPUIPlugin
2024-02-03 23:09:12,049 [INFO] PluginManager:220 - loadIPPluginJar : add i2s
2024-02-03 23:09:12,051 [INFO] IPUIPlugin:80 - create IPUIPlugin
2024-02-03 23:09:12,051 [INFO] PluginManager:220 - loadIPPluginJar : add i3c
2024-02-03 23:09:12,052 [INFO] IPUIPlugin:80 - create IPUIPlugin
2024-02-03 23:09:12,052 [INFO] PluginManager:220 - loadIPPluginJar : add ipddr
2024-02-03 23:09:12,056 [INFO] IPUIPlugin:80 - create IPUIPlugin
2024-02-03 23:09:12,056 [INFO] PluginManager:220 - loadIPPluginJar : add linkedlist
2024-02-03 23:09:12,058 [INFO] IPUIPlugin:80 - create IPUIPlugin
2024-02-03 23:09:12,059 [INFO] PluginManager:220 - loadIPPluginJar : add lorawan
2024-02-03 23:09:12,060 [INFO] IPUIPlugin:80 - create IPUIPlugin
2024-02-03 23:09:12,060 [INFO] PluginManager:220 - loadIPPluginJar : add ltdc
2024-02-03 23:09:12,063 [INFO] IPUIPlugin:80 - create IPUIPlugin
2024-02-03 23:09:12,063 [INFO] PluginManager:220 - loadIPPluginJar : add mdma
2024-02-03 23:09:12,066 [INFO] IPUIPlugin:80 - create IPUIPlugin
2024-02-03 23:09:12,066 [INFO] PluginManager:220 - loadIPPluginJar : add nvic
2024-02-03 23:09:12,067 [INFO] IPUIPlugin:80 - create IPUIPlugin
2024-02-03 23:09:12,068 [INFO] PluginManager:220 - loadIPPluginJar : add opamp
2024-02-03 23:09:12,069 [INFO] IPUIPlugin:80 - create IPUIPlugin
2024-02-03 23:09:12,069 [INFO] PluginManager:220 - loadIPPluginJar : add openamp
2024-02-03 23:09:12,071 [INFO] IPUIPlugin:80 - create IPUIPlugin
2024-02-03 23:09:12,071 [INFO] PluginManager:220 - loadIPPluginJar : add pdm2pcm
2024-02-03 23:09:12,076 [INFO] IPUIPlugin:80 - create IPUIPlugin
2024-02-03 23:09:12,078 [INFO] PluginManager:220 - loadIPPluginJar : add plateformsettings
2024-02-03 23:09:12,078 [INFO] IPUIPlugin:80 - create IPUIPlugin
2024-02-03 23:09:12,079 [INFO] PluginManager:220 - loadIPPluginJar : add quadspi
2024-02-03 23:09:12,080 [INFO] IPUIPlugin:80 - create IPUIPlugin
2024-02-03 23:09:12,080 [INFO] PluginManager:220 - loadIPPluginJar : add resmgrutility
2024-02-03 23:09:12,082 [INFO] IPUIPlugin:80 - create IPUIPlugin
2024-02-03 23:09:12,082 [INFO] PluginManager:220 - loadIPPluginJar : add sai
2024-02-03 23:09:12,084 [INFO] IPUIPlugin:80 - create IPUIPlugin
2024-02-03 23:09:12,084 [INFO] PluginManager:220 - loadIPPluginJar : add spi
2024-02-03 23:09:12,086 [INFO] IPUIPlugin:80 - create IPUIPlugin
2024-02-03 23:09:12,086 [INFO] PluginManager:220 - loadIPPluginJar : add stm32_wpan
2024-02-03 23:09:12,087 [INFO] IPUIPlugin:80 - create IPUIPlugin
2024-02-03 23:09:12,087 [INFO] PluginManager:220 - loadIPPluginJar : add tim
2024-02-03 23:09:12,089 [INFO] IPUIPlugin:80 - create IPUIPlugin
2024-02-03 23:09:12,089 [INFO] PluginManager:220 - loadIPPluginJar : add touchsensing
2024-02-03 23:09:12,090 [INFO] IPUIPlugin:80 - create IPUIPlugin
2024-02-03 23:09:12,090 [INFO] PluginManager:220 - loadIPPluginJar : add tracer_emb
2024-02-03 23:09:12,091 [INFO] IPUIPlugin:80 - create IPUIPlugin
2024-02-03 23:09:12,091 [INFO] PluginManager:220 - loadIPPluginJar : add ts
2024-02-03 23:09:12,092 [INFO] IPUIPlugin:80 - create IPUIPlugin
2024-02-03 23:09:12,092 [INFO] PluginManager:220 - loadIPPluginJar : add tsc
2024-02-03 23:09:12,093 [INFO] IPUIPlugin:80 - create IPUIPlugin
2024-02-03 23:09:12,093 [INFO] PluginManager:220 - loadIPPluginJar : add ucpd
2024-02-03 23:09:12,095 [INFO] IPUIPlugin:80 - create IPUIPlugin
2024-02-03 23:09:12,095 [INFO] PluginManager:220 - loadIPPluginJar : add usart
2024-02-03 23:09:12,096 [INFO] IPUIPlugin:80 - create IPUIPlugin
2024-02-03 23:09:12,096 [INFO] PluginManager:220 - loadIPPluginJar : add usbx
2024-02-03 23:09:12,205 [INFO] CADModel:165 - CPN selected for project level
2024-02-03 23:09:12,205 [INFO] CADModel:114 - Register for checkConnection events
2024-02-03 23:09:12,205 [FATAL] Updater:308 - Updater called before beeing initialized
2024-02-03 23:09:12,205 [ERROR] CADModel:125 - Updater not yet initialized, retry later 
2024-02-03 23:09:12,293 [INFO] CADModel:165 - CPN selected for project level
2024-02-03 23:09:12,293 [INFO] CADModel:114 - Register for checkConnection events
2024-02-03 23:09:12,293 [FATAL] Updater:308 - Updater called before beeing initialized
2024-02-03 23:09:12,293 [ERROR] CADModel:125 - Updater not yet initialized, retry later 
2024-02-03 23:09:12,295 [FATAL] Updater:308 - Updater called before beeing initialized
2024-02-03 23:09:12,372 [FATAL] Updater:308 - Updater called before beeing initialized
2024-02-03 23:09:12,376 [INFO] DbMcusAds:53 - JSON generation date=Wed Sep 29 23:55:09 PDT 2021 (1632984909247)
2024-02-03 23:09:12,376 [FATAL] Updater:308 - Updater called before beeing initialized
2024-02-03 23:09:12,397 [WARN] DetailPanel:346 - Failed to get advertising image, set to default
2024-02-03 23:09:12,455 [FATAL] Updater:308 - Updater called before beeing initialized
2024-02-03 23:09:12,457 [FATAL] Updater:308 - Updater called before beeing initialized
2024-02-03 23:09:12,457 [FATAL] Updater:308 - Updater called before beeing initialized
2024-02-03 23:09:12,457 [WARN] DetailPanel:346 - Failed to get advertising image, set to default
2024-02-03 23:09:12,458 [FATAL] Updater:308 - Updater called before beeing initialized
2024-02-03 23:09:12,487 [ERROR] Updater:1120 - MainUpdater not yet initialized. External WinMGr cannot be set.
2024-02-03 23:09:12,488 [INFO] Updater:1056 - Updater Version found : 6.10.0
2024-02-03 23:09:12,499 [INFO] ApplicationProperties:184 - Using Application install path: C:\ST\STM32CubeIDE_1.14.1\STM32CubeIDE\plugins\com.st.stm32cube.common.mx_6.10.0.202311202037
2024-02-03 23:09:14,069 [ERROR] LogOutputStream:75 - [STDERR_REDIRECT] Feb 03, 2024 11:09:14 PM java.util.prefs.WindowsPreferences <init>
2024-02-03 23:09:14,070 [ERROR] LogOutputStream:75 - [STDERR_REDIRECT] WARNING: Could not open/create prefs root node Software\JavaSoft\Prefs at root 0xffffffff80000002. Windows RegCreateKeyEx(...) returned error code 5.
2024-02-03 23:09:14,070 [ERROR] LogOutputStream:75 - [STDERR_REDIRECT] 
2024-02-03 23:09:14,099 [INFO] MainUpdater:526 - Copy updater definitions from MX database
2024-02-03 23:09:14,307 [INFO] MainUpdater:2873 - connection check result : 10
2024-02-03 23:09:14,309 [INFO] MainUpdater:3567 - Updater definition file requires update
2024-02-03 23:09:14,310 [INFO] MainUpdater:290 - Updater Check For Update Now.
2024-02-03 23:09:14,310 [INFO] MicroXplorer:498 - Change Database Version : DB.6.0.100
2024-02-03 23:09:14,320 [INFO] McuFinderGlobals:63 - Set McuFinder mode to 2 (CubeIDE integrated)
2024-02-03 23:09:14,320 [INFO] UserAuth:180 - activating auth plugin
2024-02-03 23:09:14,321 [INFO] UserAuth:404 - Internet connection configuration mode: 1
2024-02-03 23:09:14,328 [INFO] JxBrowserEngine:152 - Initiate JxBrowser Engine with user profile folder
2024-02-03 23:09:14,383 [INFO] ServerAccessManage:473 - Download File updaters.zip
2024-02-03 23:09:14,461 [INFO] FileExtend:240 - Unzip File : updaters.zip
2024-02-03 23:09:14,461 [INFO] FileExtend:255 - Standard Zip Deflate
2024-02-03 23:09:14,720 [WARN] MainUpdater:1194 - Updater busy. Cannot search thirdparties
2024-02-03 23:09:14,720 [INFO] ThirdPartyUpdaterWithRetryManager:96 - Updater plugin is busy. [1/15]
2024-02-03 23:09:14,821 [INFO] ServerAccessManage:473 - Download File PacksControlFlags.xml
2024-02-03 23:09:14,909 [INFO] ServerAccessManage:473 - Download File cubemx.pidx
2024-02-03 23:09:15,184 [INFO] ServerAccessManage:473 - Download File STMicroelectronics.FP-SNS-FLIGHT1.pdsc
2024-02-03 23:09:15,628 [INFO] ServerAccessManage:473 - Download File STMicroelectronics.FP-SNS-MOTENV1.pdsc
2024-02-03 23:09:16,369 [INFO] ServerAccessManage:473 - Download File STMicroelectronics.FP-SNS-MOTENVWB1.pdsc
2024-02-03 23:09:17,175 [INFO] ServerAccessManage:473 - Download File STMicroelectronics.FP-SNS-SMARTAG2.pdsc
2024-02-03 23:09:17,497 [INFO] ServerAccessManage:473 - Download File STMicroelectronics.X-CUBE-AI.pdsc
2024-02-03 23:09:17,722 [WARN] MainUpdater:1194 - Updater busy. Cannot search thirdparties
2024-02-03 23:09:17,722 [INFO] ThirdPartyUpdaterWithRetryManager:96 - Updater plugin is busy. [2/15]
2024-02-03 23:09:18,905 [INFO] WebApp:161 - Instantiating new browser for Auth
2024-02-03 23:09:19,317 [INFO] ServerAccessManage:473 - Download File STMicroelectronics.X-CUBE-BLE1.pdsc
2024-02-03 23:09:19,363 [INFO] WebApp:780 - Register for checkConnection events
2024-02-03 23:09:19,363 [INFO] WebApp:414 - Apply proxy settings
2024-02-03 23:09:19,363 [INFO] WebApp:499 - Chromium requires no authentication
2024-02-03 23:09:19,370 [INFO] WebApp:442 - Direct internet connection detected
2024-02-03 23:09:19,516 [INFO] WebApp:192 - Starting web application
2024-02-03 23:09:19,517 [INFO] WebApp:544 - Web application path used C:\ST\STM32CubeIDE_1.14.1\STM32CubeIDE\plugins\com.st.stm32cube.common.mx_6.10.0.202311202037\db\plugins\mcufinder\reactClient1\index.html
2024-02-03 23:09:20,723 [WARN] MainUpdater:1194 - Updater busy. Cannot search thirdparties
2024-02-03 23:09:20,723 [INFO] ThirdPartyUpdaterWithRetryManager:96 - Updater plugin is busy. [3/15]
2024-02-03 23:09:21,265 [ERROR] ServerAccessManage:1089 - Problem, file not found on Server
2024-02-03 23:09:21,351 [INFO] ServerAccessManage:473 - Download File STMicroelectronics.X-CUBE-BLEMGR.pdsc
2024-02-03 23:09:22,040 [INFO] ServerAccessManage:473 - Download File STMicroelectronics.X-CUBE-EEPRMA1.pdsc
2024-02-03 23:09:22,907 [ERROR] ServerAccessManage:1089 - Problem, file not found on Server
2024-02-03 23:09:23,724 [WARN] MainUpdater:1194 - Updater busy. Cannot search thirdparties
2024-02-03 23:09:23,724 [INFO] ThirdPartyUpdaterWithRetryManager:96 - Updater plugin is busy. [4/15]
2024-02-03 23:09:23,839 [ERROR] ServerAccessManage:1089 - Problem, file not found on Server
2024-02-03 23:09:24,312 [INFO] ServerAccessManage:473 - Download File STMicroelectronics.X-CUBE-FREERTOS.pdsc
2024-02-03 23:09:24,853 [INFO] ServerAccessManage:473 - Download File STMicroelectronics.X-CUBE-ISPU.pdsc
2024-02-03 23:09:25,418 [INFO] ServerAccessManage:473 - Download File STMicroelectronics.X-CUBE-MEMS1.pdsc
2024-02-03 23:09:26,724 [WARN] MainUpdater:1194 - Updater busy. Cannot search thirdparties
2024-02-03 23:09:26,724 [INFO] ThirdPartyUpdaterWithRetryManager:96 - Updater plugin is busy. [5/15]
2024-02-03 23:09:28,739 [INFO] ServerAccessManage:473 - Download File STMicroelectronics.X-CUBE-NFC6.pdsc
2024-02-03 23:09:29,258 [INFO] ServerAccessManage:473 - Download File STMicroelectronics.X-CUBE-TOF1.pdsc
2024-02-03 23:09:29,727 [WARN] MainUpdater:1194 - Updater busy. Cannot search thirdparties
2024-02-03 23:09:29,727 [INFO] ThirdPartyUpdaterWithRetryManager:96 - Updater plugin is busy. [6/15]
2024-02-03 23:09:31,285 [ERROR] ServerAccessManage:1089 - Problem, file not found on Server
2024-02-03 23:09:31,537 [INFO] ServerAccessManage:473 - Download File STMicroelectronics.X-CUBE-TOUCHGFX.pdsc
2024-02-03 23:09:32,729 [WARN] MainUpdater:1194 - Updater busy. Cannot search thirdparties
2024-02-03 23:09:32,729 [INFO] ThirdPartyUpdaterWithRetryManager:96 - Updater plugin is busy. [7/15]
2024-02-03 23:09:34,075 [INFO] ServerAccessManage:473 - Download File STMicroelectronics.X-CUBE-AZRTOS-H7.pdsc
2024-02-03 23:09:35,129 [INFO] ServerAccessManage:473 - Download File STMicroelectronics.X-CUBE-AZRTOS-L5.pdsc
2024-02-03 23:09:35,729 [WARN] MainUpdater:1194 - Updater busy. Cannot search thirdparties
2024-02-03 23:09:35,729 [INFO] ThirdPartyUpdaterWithRetryManager:96 - Updater plugin is busy. [8/15]
2024-02-03 23:09:35,771 [INFO] ServerAccessManage:473 - Download File STMicroelectronics.X-CUBE-AZRTOS-WB.pdsc
2024-02-03 23:09:36,680 [INFO] ServerAccessManage:473 - Download File ITTIA_DB.I-CUBE-ITTIADB.pdsc
2024-02-03 23:09:38,731 [WARN] MainUpdater:1194 - Updater busy. Cannot search thirdparties
2024-02-03 23:09:38,731 [INFO] ThirdPartyUpdaterWithRetryManager:96 - Updater plugin is busy. [9/15]
2024-02-03 23:09:38,747 [INFO] ServerAccessManage:473 - Download File Infineon.AIROC-Wi-Fi-Bluetooth-STM32.pdsc
2024-02-03 23:09:40,146 [ERROR] LogOutputStream:75 - [STDERR_REDIRECT] SLF4J: Failed to load class "org.slf4j.impl.StaticLoggerBinder".
2024-02-03 23:09:40,148 [ERROR] LogOutputStream:75 - [STDERR_REDIRECT] SLF4J: Defaulting to no-operation (NOP) logger implementation
2024-02-03 23:09:40,149 [ERROR] LogOutputStream:75 - [STDERR_REDIRECT] SLF4J: See http://www.slf4j.org/codes.html#StaticLoggerBinder for further details.
2024-02-03 23:09:40,380 [WARN] PackLoader:240 - Cannot read IP mode file for STMicroelectronics.FP-SNS-FLIGHT1.5.0.2
2024-02-03 23:09:40,386 [WARN] PackLoader:240 - Cannot read IP mode file for STMicroelectronics.FP-SNS-MOTENV1.4.3.2
2024-02-03 23:09:40,394 [WARN] PackLoader:240 - Cannot read IP mode file for STMicroelectronics.FP-SNS-MOTENVWB1.1.3.1
2024-02-03 23:09:40,403 [WARN] PackLoader:240 - Cannot read IP mode file for STMicroelectronics.FP-SNS-SMARTAG2.1.2.0
2024-02-03 23:09:40,408 [WARN] PackLoader:240 - Cannot read IP mode file for STMicroelectronics.X-CUBE-AI.8.1.0
2024-02-03 23:09:40,415 [WARN] PackLoader:240 - Cannot read IP mode file for STMicroelectronics.X-CUBE-BLE1.7.0.0
2024-02-03 23:09:40,424 [WARN] PackLoader:240 - Cannot read IP mode file for STMicroelectronics.X-CUBE-BLEMGR.3.0.0
2024-02-03 23:09:40,432 [WARN] PackLoader:240 - Cannot read IP mode file for STMicroelectronics.X-CUBE-EEPRMA1.5.1.0
2024-02-03 23:09:40,443 [WARN] PackLoader:240 - Cannot read IP mode file for STMicroelectronics.X-CUBE-FREERTOS.1.1.0
2024-02-03 23:09:40,448 [WARN] PackLoader:240 - Cannot read IP mode file for STMicroelectronics.X-CUBE-ISPU.2.0.0
2024-02-03 23:09:40,485 [WARN] PackLoader:240 - Cannot read IP mode file for STMicroelectronics.X-CUBE-MEMS1.10.0.0
2024-02-03 23:09:40,504 [INFO] CheckServerUpdateThread:120 - End of CheckServer Thread
2024-02-03 23:09:40,613 [WARN] PackLoader:240 - Cannot read IP mode file for STMicroelectronics.X-CUBE-NFC6.3.0.0
2024-02-03 23:09:40,625 [WARN] PackLoader:240 - Cannot read IP mode file for STMicroelectronics.X-CUBE-TOF1.3.4.0
2024-02-03 23:09:40,637 [WARN] PackLoader:240 - Cannot read IP mode file for STMicroelectronics.X-CUBE-TOUCHGFX.4.23.0
2024-02-03 23:09:40,673 [WARN] PackLoader:240 - Cannot read IP mode file for STMicroelectronics.X-CUBE-AZRTOS-H7.3.2.0
2024-02-03 23:09:40,695 [WARN] PackLoader:240 - Cannot read IP mode file for STMicroelectronics.X-CUBE-AZRTOS-L5.2.0.0
2024-02-03 23:09:40,710 [WARN] ConditionMgr:438 - getConditionDescription Invalid condition id : UX DEVICE CLASS RTOS Condition cause : null
2024-02-03 23:09:40,711 [WARN] ConditionMgr:438 - getConditionDescription Invalid condition id : UX DEVICE CLASS RTOS Condition cause : null
2024-02-03 23:09:40,712 [WARN] PackLoader:240 - Cannot read IP mode file for STMicroelectronics.X-CUBE-AZRTOS-WB.2.0.0
2024-02-03 23:09:40,713 [WARN] ConditionMgr:1039 - genDependencies : Invalid condition id : UX DEVICE CLASS RTOS Condition cause : null
2024-02-03 23:09:40,713 [WARN] ConditionMgr:1039 - genDependencies : Invalid condition id : UX DEVICE CLASS RTOS Condition cause : null
2024-02-03 23:09:40,713 [WARN] ConditionMgr:1039 - genDependencies : Invalid condition id : UX DEVICE CLASS RTOS Condition cause : null
2024-02-03 23:09:40,713 [WARN] ConditionMgr:1039 - genDependencies : Invalid condition id : UX DEVICE CLASS RTOS Condition cause : null
2024-02-03 23:09:40,713 [WARN] ConditionMgr:1039 - genDependencies : Invalid condition id : UX DEVICE CLASS RTOS Condition cause : null
2024-02-03 23:09:40,728 [WARN] PackLoader:240 - Cannot read IP mode file for ITTIA_DB.I-CUBE-ITTIADB.8.8.0
2024-02-03 23:09:40,736 [WARN] PackLoader:240 - Cannot read IP mode file for Infineon.AIROC-Wi-Fi-Bluetooth-STM32.1.5.1
2024-02-03 23:09:40,738 [INFO] PopulateThirdPartyThread:66 - Ending populate Thread
2024-02-03 23:09:40,740 [INFO] ThirdParty:1030 - CMSIS Pack Vendor :STMicroelectronics FP-SNS-SMARTAG2 1.2.0
2024-02-03 23:09:40,741 [INFO] ThirdParty:1030 - CMSIS Pack Vendor :STMicroelectronics FP-SNS-MOTENV1 4.3.2
2024-02-03 23:09:40,741 [INFO] ThirdParty:1030 - CMSIS Pack Vendor :STMicroelectronics FP-SNS-MOTENVWB1 1.3.1
2024-02-03 23:09:40,741 [INFO] ThirdParty:1030 - CMSIS Pack Vendor :STMicroelectronics X-CUBE-BLE1 7.0.0
2024-02-03 23:09:40,741 [INFO] ThirdParty:1030 - CMSIS Pack Vendor :STMicroelectronics X-CUBE-AI 8.1.0
2024-02-03 23:09:40,741 [INFO] ThirdParty:1030 - CMSIS Pack Vendor :STMicroelectronics X-CUBE-ISPU 2.0.0
2024-02-03 23:09:40,741 [INFO] ThirdParty:1030 - CMSIS Pack Vendor :STMicroelectronics X-CUBE-EEPRMA1 5.1.0
2024-02-03 23:09:40,741 [INFO] ThirdParty:1030 - CMSIS Pack Vendor :STMicroelectronics X-CUBE-AZRTOS-WB 2.0.0
2024-02-03 23:09:40,741 [INFO] ThirdParty:1030 - CMSIS Pack Vendor :STMicroelectronics X-CUBE-MEMS1 10.0.0
2024-02-03 23:09:40,741 [INFO] ThirdParty:1030 - CMSIS Pack Vendor :STMicroelectronics X-CUBE-FREERTOS 1.1.0
2024-02-03 23:09:40,741 [INFO] ThirdParty:1030 - CMSIS Pack Vendor :STMicroelectronics FP-SNS-FLIGHT1 5.0.2
2024-02-03 23:09:40,741 [INFO] ThirdParty:1030 - CMSIS Pack Vendor :STMicroelectronics X-CUBE-TOUCHGFX 4.23.0
2024-02-03 23:09:40,741 [INFO] ThirdParty:1030 - CMSIS Pack Vendor :STMicroelectronics X-CUBE-TOF1 3.4.0
2024-02-03 23:09:40,741 [INFO] ThirdParty:1030 - CMSIS Pack Vendor :STMicroelectronics X-CUBE-AZRTOS-L5 2.0.0
2024-02-03 23:09:40,741 [INFO] ThirdParty:1030 - CMSIS Pack Vendor :STMicroelectronics X-CUBE-NFC6 3.0.0
2024-02-03 23:09:40,741 [INFO] ThirdParty:1030 - CMSIS Pack Vendor :STMicroelectronics X-CUBE-AZRTOS-H7 3.2.0
2024-02-03 23:09:40,741 [INFO] ThirdParty:1030 - CMSIS Pack Vendor :Infineon AIROC-Wi-Fi-Bluetooth-STM32 1.5.1
2024-02-03 23:09:40,741 [INFO] ThirdParty:1030 - CMSIS Pack Vendor :STMicroelectronics X-CUBE-BLEMGR 3.0.0
2024-02-03 23:09:40,741 [INFO] ThirdParty:1030 - CMSIS Pack Vendor :ITTIA_DB I-CUBE-ITTIADB 8.8.0
2024-02-03 23:09:40,741 [INFO] LoadServerUpdatesThread:375 - End of LoadServerUpdate Thread
2024-02-03 23:09:41,866 [WARN] PackLoader:240 - Cannot read IP mode file for STMicroelectronics.X-CUBE-SMBUS.2.1.0
2024-02-03 23:09:41,868 [WARN] PackLoader:240 - Cannot read IP mode file for STMicroelectronics.X-CUBE-TOUCHGFX.4.23.0
2024-02-03 23:09:41,886 [WARN] PackLoader:240 - Cannot read IP mode file for STMicroelectronics.X-CUBE-AZRTOS-F7.1.1.0
2024-02-03 23:09:41,890 [WARN] PackLoader:240 - Cannot read IP mode file for STMicroelectronics.FP-SNS-MOTENV1.4.3.2
2024-02-03 23:09:41,901 [ERROR] RealEvaluatedCondition:428 - Found unsupported composite condition: GROUP='STM32_MetaDataManager' CLASS='Data Exchange'
2024-02-03 23:09:41,902 [ERROR] RealEvaluatedCondition:428 - Found unsupported composite condition: GROUP='STM32_MetaDataManager' CLASS='Data Exchange'
2024-02-03 23:09:41,902 [WARN] PackLoader:240 - Cannot read IP mode file for STMicroelectronics.FP-SNS-MOTENV1.4.3.1
2024-02-03 23:09:41,907 [WARN] PackLoader:240 - Cannot read IP mode file for STMicroelectronics.FP-SNS-FLIGHT1.5.0.1
2024-02-03 23:09:41,921 [WARN] PackLoader:240 - Cannot read IP mode file for STMicroelectronics.X-CUBE-BLE1.6.2.4
2024-02-03 23:09:41,926 [WARN] PackLoader:240 - Cannot read IP mode file for STMicroelectronics.FP-SNS-FLIGHT1.5.0.2
2024-02-03 23:09:41,936 [WARN] PackLoader:240 - Cannot read IP mode file for STMicroelectronics.X-CUBE-DISPLAY.3.0.0
2024-02-03 23:09:41,941 [WARN] PackLoader:240 - Cannot read IP mode file for STMicroelectronics.X-CUBE-BLE1.7.0.0
2024-02-03 23:09:41,947 [WARN] PackLoader:240 - Cannot read IP mode file for STMicroelectronics.FP-SNS-SMARTAG2.1.2.0
2024-02-03 23:09:41,964 [INFO] LogOutputStream:77 - [STDOUT_REDIRECT] 1 : Invalid condition id : UX_CORESTACK_Condition cause : null
2024-02-03 23:09:41,965 [INFO] LogOutputStream:77 - [STDOUT_REDIRECT] 1 : Invalid condition id : UX_CORESTACK_Condition cause : null
2024-02-03 23:09:41,966 [INFO] LogOutputStream:77 - [STDOUT_REDIRECT] 1 : Invalid condition id : UX_CORESTACK_Condition cause : null
2024-02-03 23:09:41,967 [INFO] LogOutputStream:77 - [STDOUT_REDIRECT] 1 : Invalid condition id : UX_CORESTACK_Condition cause : null
2024-02-03 23:09:41,967 [INFO] LogOutputStream:77 - [STDOUT_REDIRECT] 1 : Invalid condition id : UX_CORESTACK_Condition cause : null
2024-02-03 23:09:41,971 [WARN] PackLoader:240 - Cannot read IP mode file for STMicroelectronics.X-CUBE-AZRTOS-WL.2.0.0
2024-02-03 23:09:41,991 [WARN] PackLoader:240 - Cannot read IP mode file for WES.I-CUBE-Cesium.1.3.0
2024-02-03 23:09:42,001 [WARN] PackLoader:240 - Cannot read IP mode file for STMicroelectronics.X-CUBE-BLE2.3.3.0
2024-02-03 23:09:42,018 [WARN] PackLoader:240 - Cannot read IP mode file for STMicroelectronics.X-CUBE-TOF1.3.2.0
2024-02-03 23:09:42,030 [WARN] PackLoader:240 - Cannot read IP mode file for STMicroelectronics.X-CUBE-TOUCHGFX.4.21.1
2024-02-03 23:09:42,041 [WARN] PackLoader:240 - Cannot read IP mode file for STMicroelectronics.X-CUBE-TOUCHGFX.4.21.3
2024-02-03 23:09:42,051 [WARN] PackLoader:240 - Cannot read IP mode file for STMicroelectronics.X-CUBE-TOUCHGFX.4.21.4
2024-02-03 23:09:42,061 [WARN] PackLoader:240 - Cannot read IP mode file for STMicroelectronics.X-CUBE-ALGOBUILD.1.3.0
2024-02-03 23:09:42,084 [WARN] PackLoader:240 - Cannot read IP mode file for STMicroelectronics.X-CUBE-AZRTOS-G0.1.1.0
2024-02-03 23:09:42,097 [WARN] PackLoader:240 - Cannot read IP mode file for STMicroelectronics.X-CUBE-NFC4.3.0.0
2024-02-03 23:09:42,102 [WARN] PackLoader:240 - Cannot read IP mode file for STMicroelectronics.X-CUBE-BLEMGR.3.0.0
2024-02-03 23:09:42,108 [WARN] PackLoader:240 - Cannot read IP mode file for STMicroelectronics.FP-ATR-SIGFOX1.3.2.0
2024-02-03 23:09:42,112 [WARN] PackLoader:240 - Cannot read IP mode file for STMicroelectronics.X-CUBE-EEPRMA1.5.1.0
2024-02-03 23:09:42,148 [WARN] PackLoader:240 - Cannot read IP mode file for STMicroelectronics.X-CUBE-MEMS1.9.5.0
2024-02-03 23:09:42,243 [WARN] PackLoader:240 - Cannot read IP mode file for SEGGER.I-CUBE-embOS.1.3.1
2024-02-03 23:09:42,284 [WARN] PackLoader:240 - Cannot read IP mode file for STMicroelectronics.X-CUBE-GNSS1.6.0.0
2024-02-03 23:09:42,306 [WARN] PackLoader:240 - Cannot read IP mode file for STMicroelectronics.X-CUBE-AZRTOS-F4.1.1.0
2024-02-03 23:09:42,321 [WARN] PackLoader:240 - Cannot read IP mode file for STMicroelectronics.X-CUBE-AZRTOS-L5.2.0.0
2024-02-03 23:09:42,372 [WARN] PackLoader:240 - Cannot read IP mode file for STMicroelectronics.X-CUBE-MEMS1.9.6.0
2024-02-03 23:09:42,490 [WARN] PackLoader:240 - Cannot read IP mode file for ITTIA_DB.I-CUBE-ITTIADB.8.8.0
2024-02-03 23:09:42,511 [WARN] PackLoader:240 - Cannot read IP mode file for emotas.I-CUBE-CANOPEN.1.1.3
2024-02-03 23:09:42,530 [WARN] PackLoader:240 - Cannot read IP mode file for STMicroelectronics.X-CUBE-BLEMGR.2.0.0
2024-02-03 23:09:42,561 [WARN] ConditionMgr:438 - getConditionDescription Invalid condition id : UX DEVICE CLASS RTOS Condition cause : null
2024-02-03 23:09:42,562 [WARN] ConditionMgr:438 - getConditionDescription Invalid condition id : UX DEVICE CLASS RTOS Condition cause : null
2024-02-03 23:09:42,563 [WARN] PackLoader:240 - Cannot read IP mode file for STMicroelectronics.X-CUBE-AZRTOS-H7.3.1.0
2024-02-03 23:09:42,564 [WARN] ConditionMgr:1039 - genDependencies : Invalid condition id : UX DEVICE CLASS RTOS Condition cause : null
2024-02-03 23:09:42,564 [WARN] ConditionMgr:1039 - genDependencies : Invalid condition id : UX DEVICE CLASS RTOS Condition cause : null
2024-02-03 23:09:42,565 [WARN] ConditionMgr:1039 - genDependencies : Invalid condition id : UX DEVICE CLASS RTOS Condition cause : null
2024-02-03 23:09:42,565 [WARN] ConditionMgr:1039 - genDependencies : Invalid condition id : UX DEVICE CLASS RTOS Condition cause : null
2024-02-03 23:09:42,566 [WARN] ConditionMgr:1039 - genDependencies : Invalid condition id : UX DEVICE CLASS RTOS Condition cause : null
2024-02-03 23:09:42,578 [WARN] PackLoader:240 - Cannot read IP mode file for wolfSSL.I-CUBE-wolfSSL.5.5.4
2024-02-03 23:09:42,589 [WARN] PackLoader:240 - Cannot read IP mode file for STMicroelectronics.X-CUBE-NFC7.1.0.1
2024-02-03 23:09:42,603 [WARN] PackLoader:240 - Cannot read IP mode file for STMicroelectronics.X-CUBE-NFC7.1.0.0
2024-02-03 23:09:42,609 [WARN] PackLoader:240 - Cannot read IP mode file for STMicroelectronics.X-CUBE-NFC6.3.0.0
2024-02-03 23:09:42,628 [WARN] PackLoader:240 - Cannot read IP mode file for STMicroelectronics.X-CUBE-EEPRMA1.4.1.0
2024-02-03 23:09:42,633 [WARN] PackLoader:240 - Cannot read IP mode file for STMicroelectronics.X-CUBE-AI.8.1.0
2024-02-03 23:09:42,665 [WARN] ConditionMgr:438 - getConditionDescription Invalid condition id : LAN8742 Phy interface Condition cause : null
2024-02-03 23:09:42,666 [WARN] PackLoader:240 - Cannot read IP mode file for STMicroelectronics.X-CUBE-AZRTOS-L4.2.0.0
2024-02-03 23:09:42,668 [WARN] ConditionMgr:1039 - genDependencies : Invalid condition id : LAN8742 Phy interface Condition cause : null
2024-02-03 23:09:42,668 [WARN] ConditionMgr:1039 - genDependencies : Invalid condition id : LAN8742 Phy interface Condition cause : null
2024-02-03 23:09:42,669 [WARN] ConditionMgr:1039 - genDependencies : Invalid condition id : LAN8742 Phy interface Condition cause : null
2024-02-03 23:09:42,685 [WARN] PackLoader:240 - Cannot read IP mode file for STMicroelectronics.X-CUBE-SFXS2LP1.4.0.0
2024-02-03 23:09:42,715 [WARN] PackLoader:240 - Cannot read IP mode file for STMicroelectronics.X-CUBE-AZRTOS-H7.3.0.0
2024-02-03 23:09:42,729 [WARN] PackLoader:240 - Cannot read IP mode file for STMicroelectronics.X-CUBE-ISPU.1.1.0
2024-02-03 23:09:42,743 [WARN] PackLoader:240 - Cannot read IP mode file for RoweBots.I-CUBE-UNISONRTOS.5.5.0-4
2024-02-03 23:09:42,755 [WARN] PackLoader:240 - Cannot read IP mode file for STMicroelectronics.X-CUBE-AI.8.0.0
2024-02-03 23:09:42,763 [WARN] ConditionMgr:438 - getConditionDescription Invalid condition id : UX DEVICE CLASS RTOS Condition cause : null
2024-02-03 23:09:42,763 [WARN] ConditionMgr:438 - getConditionDescription Invalid condition id : UX DEVICE CLASS RTOS Condition cause : null
2024-02-03 23:09:42,764 [WARN] PackLoader:240 - Cannot read IP mode file for STMicroelectronics.X-CUBE-AZRTOS-WB.2.0.0
2024-02-03 23:09:42,765 [WARN] ConditionMgr:1039 - genDependencies : Invalid condition id : UX DEVICE CLASS RTOS Condition cause : null
2024-02-03 23:09:42,765 [WARN] ConditionMgr:1039 - genDependencies : Invalid condition id : UX DEVICE CLASS RTOS Condition cause : null
2024-02-03 23:09:42,765 [WARN] ConditionMgr:1039 - genDependencies : Invalid condition id : UX DEVICE CLASS RTOS Condition cause : null
2024-02-03 23:09:42,765 [WARN] ConditionMgr:1039 - genDependencies : Invalid condition id : UX DEVICE CLASS RTOS Condition cause : null
2024-02-03 23:09:42,765 [WARN] ConditionMgr:1039 - genDependencies : Invalid condition id : UX DEVICE CLASS RTOS Condition cause : null
2024-02-03 23:09:42,780 [WARN] PackLoader:240 - Cannot read IP mode file for STMicroelectronics.X-CUBE-FREERTOS.1.0.0
2024-02-03 23:09:42,792 [WARN] PackLoader:240 - Cannot read IP mode file for STMicroelectronics.X-CUBE-FREERTOS.1.0.1
2024-02-03 23:09:42,813 [WARN] PackLoader:240 - Cannot read IP mode file for STMicroelectronics.X-CUBE-AZRTOS-L5.1.1.0
2024-02-03 23:09:42,823 [WARN] PackLoader:240 - Cannot read IP mode file for STMicroelectronics.X-CUBE-AI.8.0.1
2024-02-03 23:09:42,837 [WARN] PackLoader:240 - Cannot read IP mode file for STMicroelectronics.X-CUBE-SUBG2.5.0.0
2024-02-03 23:09:42,859 [WARN] PackLoader:240 - Cannot read IP mode file for STMicroelectronics.X-CUBE-AZRTOS-G4.2.0.0
2024-02-03 23:09:42,876 [WARN] PackLoader:240 - Cannot read IP mode file for STMicroelectronics.X-CUBE-TOF1.3.3.0
2024-02-03 23:09:42,890 [WARN] PackLoader:240 - Cannot read IP mode file for STMicroelectronics.FP-ATR-ASTRA1.1.1.1
2024-02-03 23:09:42,900 [WARN] PackLoader:240 - Cannot read IP mode file for Infineon.AIROC-Wi-Fi-Bluetooth-STM32.1.5.1
2024-02-03 23:09:42,905 [WARN] PackLoader:240 - Cannot read IP mode file for STMicroelectronics.FP-SNS-MOTENVWB1.1.3.1
2024-02-03 23:09:42,926 [WARN] PackLoader:240 - Cannot read IP mode file for STMicroelectronics.X-CUBE-AZRTOS-G4.1.0.0
2024-02-03 23:09:42,944 [WARN] PackLoader:240 - Cannot read IP mode file for STMicroelectronics.X-CUBE-AZRTOS-L4.1.0.0
2024-02-03 23:09:42,947 [WARN] PackLoader:240 - Cannot read IP mode file for STMicroelectronics.X-CUBE-ISPU.2.0.0
2024-02-03 23:09:42,960 [WARN] PackLoader:240 - Cannot read IP mode file for STMicroelectronics.X-CUBE-MEMS1.10.0.0
2024-02-03 23:09:42,996 [WARN] PackLoader:240 - Cannot read IP mode file for STMicroelectronics.X-CUBE-FREERTOS.1.1.0
2024-02-03 23:09:43,015 [WARN] PackLoader:240 - Cannot read IP mode file for STMicroelectronics.X-CUBE-AZRTOS-WL.1.0.0
2024-02-03 23:09:43,031 [WARN] PackLoader:240 - Cannot read IP mode file for portGmbH.I-Cube-SoM-uGOAL.1.1.0
2024-02-03 23:09:43,043 [WARN] PackLoader:240 - Cannot read IP mode file for STMicroelectronics.X-CUBE-ALS.1.0.1
2024-02-03 23:09:43,062 [WARN] PackLoader:240 - Cannot read IP mode file for STMicroelectronics.X-CUBE-AZRTOS-WB.1.1.0
2024-02-03 23:09:43,066 [WARN] PackLoader:240 - Cannot read IP mode file for STMicroelectronics.FP-ATR-ASTRA1.2.0.0
2024-02-03 23:09:43,071 [WARN] PackLoader:240 - Cannot read IP mode file for STMicroelectronics.X-CUBE-TOF1.3.4.0
2024-02-03 23:09:43,088 [WARN] PackLoader:240 - Cannot read IP mode file for STMicroelectronics.X-CUBE-AZRTOS-H7.3.2.0
2024-02-03 23:09:43,091 [INFO] ThirdParty:978 - Integrity check success = true
2024-02-03 23:09:43,091 [INFO] IntegrityCheckThread:100 - exiting critical section [integrity check]
2024-02-03 23:09:43,092 [INFO] IntegrityCheckThread:103 - End integrity checks thread
